  icode   ic inum1 inum2 inum3   subed  recmonps reccnstps  flow(m^3)   sed(t)      orgn(kg)    orgp(kg)    nitrate(kg) sol.p(kg)   sol.pst(mg) sor.pst(mg)
       1        1        1        0        0        0                         0.1251E+10  0.2622E+09  0.7484E+07  0.3085E+07  0.9290E+05  0.2528E+04  0.0000E+00  0.0000E+00
       1        2        2        0        0        0                         0.9213E+09  0.1309E+09  0.3444E+07  0.1471E+07  0.1339E+06  0.9797E+04  0.0000E+00  0.0000E+00
       1        3        3        0        0        0                         0.9305E+09  0.1744E+09  0.2231E+08  0.4873E+07  0.3756E+06  0.3694E+04  0.0000E+00  0.0000E+00
       1        4        4        0        0        0                         0.1726E+10  0.9872E+09  0.4330E+08  0.9605E+07  0.1452E+07  0.5346E+04  0.0000E+00  0.0000E+00
       1        5        5        0        0        0                         0.4193E+09  0.3480E+08  0.1017E+08  0.2075E+07  0.1340E+06  0.1360E+04  0.0000E+00  0.0000E+00
       1        6        6        0        0        0                         0.1404E+10  0.4098E+08  0.1914E+08  0.4042E+07  0.6935E+06  0.5730E+04  0.0000E+00  0.0000E+00
       1        7        7        0        0        0                         0.1357E+10  0.2181E+09  0.1567E+08  0.3405E+07  0.3281E+06  0.7819E+04  0.0000E+00  0.0000E+00
       1        8        8        0        0        0                         0.7445E+06  0.8960E+04  0.9048E+04  0.1976E+04  0.5499E+03  0.2859E+01  0.0000E+00  0.0000E+00
       1        9        9        0        0        0                         0.1715E+09  0.2220E+08  0.2226E+07  0.4864E+06  0.4250E+05  0.3403E+03  0.0000E+00  0.0000E+00
       1       10       10        0        0        0                         0.3194E+08  0.6504E+07  0.6602E+06  0.1403E+06  0.6308E+04  0.1116E+03  0.0000E+00  0.0000E+00
       1       11       11        0        0        0                         0.5736E+09  0.9519E+08  0.9034E+07  0.1971E+07  0.4347E+06  0.2262E+05  0.0000E+00  0.0000E+00
       1       12       12        0        0        0                         0.7786E+09  0.2860E+09  0.1534E+08  0.3623E+07  0.2190E+06  0.1514E+05  0.0000E+00  0.0000E+00
       1       13       13        0        0        0                         0.6359E+09  0.2394E+09  0.1980E+08  0.5401E+07  0.1494E+06  0.2201E+04  0.0000E+00  0.0000E+00
       1       14       14        0        0        0                         0.9573E+07  0.6386E+06  0.2353E+06  0.6399E+05  0.2011E+04  0.6890E+02  0.0000E+00  0.0000E+00
       1       15       15        0        0        0                         0.3531E+09  0.1510E+09  0.1234E+08  0.3751E+07  0.1753E+06  0.5246E+04  0.0000E+00  0.0000E+00
       1       16       16        0        0        0                         0.1541E+09  0.1140E+09  0.1145E+08  0.2574E+07  0.5290E+05  0.3969E+03  0.0000E+00  0.0000E+00
       1       17       17        0        0        0                         0.3900E+09  0.1212E+09  0.1528E+08  0.4074E+07  0.1020E+06  0.1561E+04  0.0000E+00  0.0000E+00
       1       18       18        0        0        0                         0.1760E+10  0.1280E+09  0.3119E+08  0.6492E+07  0.1015E+07  0.2597E+05  0.0000E+00  0.0000E+00
       1       19       19        0        0        0                         0.1409E+09  0.8221E+08  0.4502E+07  0.1175E+07  0.3834E+05  0.3617E+03  0.0000E+00  0.0000E+00
       1       20       20        0        0        0                         0.1005E+10  0.1309E+09  0.5002E+08  0.1058E+08  0.8083E+06  0.4175E+04  0.0000E+00  0.0000E+00
       1       21       21        0        0        0                         0.1815E+09  0.1617E+09  0.1154E+08  0.2543E+07  0.1486E+06  0.3526E+03  0.0000E+00  0.0000E+00
       1       22       22        0        0        0                         0.1464E+10  0.4626E+08  0.3595E+08  0.7847E+07  0.1261E+07  0.9019E+04  0.0000E+00  0.0000E+00
       1       23       23        0        0        0                         0.2554E+09  0.2070E+09  0.1740E+08  0.4255E+07  0.1957E+06  0.6047E+03  0.0000E+00  0.0000E+00
       2       24        1        1        1        0                         0.1240E+10  0.2622E+09  0.7325E+07  0.2973E+07  0.8240E+05  0.7556E+04  0.0000E+00  0.0000E+00
       2       25        2        2        2        0                         0.9158E+09  0.1309E+09  0.3399E+07  0.1438E+07  0.1294E+06  0.1785E+05  0.0000E+00  0.0000E+00
       2       26        3        3        3        0                         0.9206E+09  0.1744E+09  0.2200E+08  0.4762E+07  0.3581E+06  0.1107E+05  0.0000E+00  0.0000E+00
       2       27        4        4        4        0                         0.1708E+10  0.9872E+09  0.4209E+08  0.9151E+07  0.1397E+07  0.1281E+05  0.0000E+00  0.0000E+00
       2       28        6        6        6        0                         0.1399E+10  0.4098E+08  0.1899E+08  0.3990E+07  0.6803E+06  0.1704E+05  0.0000E+00  0.0000E+00
       2       29        7        7        7        0                         0.1354E+10  0.2181E+09  0.1561E+08  0.3383E+07  0.3244E+06  0.1541E+05  0.0000E+00  0.0000E+00
       2       30       11       11       11        0                         0.5721E+09  0.9519E+08  0.9010E+07  0.1963E+07  0.4305E+06  0.2685E+05  0.0000E+00  0.0000E+00
       2       31       12       12       12        0                         0.7709E+09  0.2860E+09  0.1512E+08  0.3539E+07  0.1994E+06  0.2593E+05  0.0000E+00  0.0000E+00
       2       32       15       15       15        0                         0.3426E+09  0.1510E+09  0.1192E+08  0.3545E+07  0.1316E+06  0.1556E+05  0.0000E+00  0.0000E+00
       2       33       16       16       16        0                         0.1520E+09  0.1140E+09  0.1137E+08  0.2543E+07  0.4537E+05  0.1189E+04  0.0000E+00  0.0000E+00
       2       34       21       21       21        0                         0.1805E+09  0.1617E+09  0.1150E+08  0.2529E+07  0.1443E+06  0.1032E+04  0.0000E+00  0.0000E+00
       2       35       23       23       23        0                         0.2480E+09  0.2070E+09  0.1715E+08  0.4152E+07  0.1711E+06  0.1809E+04  0.0000E+00  0.0000E+00
       5       36       13       24        0        0                         0.1876E+10  0.5016E+09  0.2713E+08  0.8374E+07  0.2318E+06  0.9757E+04  0.0000E+00  0.0000E+00
       5       37       36       25        0        0                         0.2792E+10  0.6325E+09  0.3053E+08  0.9812E+07  0.3612E+06  0.2761E+05  0.0000E+00  0.0000E+00
       2       38       13       37       13        0                         0.2772E+10  0.7198E+06  0.2982E+08  0.9428E+07  0.3288E+06  0.7518E+05  0.0000E+00  0.0000E+00
       5       39        8       28        0        0                         0.1400E+10  0.4099E+08  0.1900E+08  0.3992E+07  0.6808E+06  0.1704E+05  0.0000E+00  0.0000E+00
       5       40       39       29        0        0                         0.2753E+10  0.2591E+09  0.3460E+08  0.7376E+07  0.1005E+07  0.3245E+05  0.0000E+00  0.0000E+00
       2       41        8       40        8        0                         0.2753E+10  0.6838E+06  0.3460E+08  0.7373E+07  0.1005E+07  0.3462E+05  0.0000E+00  0.0000E+00
       5       42        5       26        0        0                         0.1340E+10  0.2092E+09  0.3217E+08  0.6837E+07  0.4921E+06  0.1243E+05  0.0000E+00  0.0000E+00
       5       43       42       27        0        0                         0.3048E+10  0.1196E+10  0.7426E+08  0.1599E+08  0.1889E+07  0.2524E+05  0.0000E+00  0.0000E+00
       2       44        5       43        5        0                         0.3039E+10  0.8895E+06  0.7355E+08  0.1575E+08  0.1879E+07  0.6880E+05  0.0000E+00  0.0000E+00
       5       45       14       38        0        0                         0.2781E+10  0.1358E+07  0.3005E+08  0.9492E+07  0.3308E+06  0.7524E+05  0.0000E+00  0.0000E+00
       5       46       45       32        0        0                         0.3124E+10  0.1523E+09  0.4198E+08  0.1304E+08  0.4624E+06  0.9080E+05  0.0000E+00  0.0000E+00
       2       47       14       46       14        0                         0.3122E+10  0.7599E+06  0.4189E+08  0.1300E+08  0.4609E+06  0.1235E+06  0.0000E+00  0.0000E+00
       5       48        9       44        0        0                         0.3210E+10  0.2309E+08  0.7578E+08  0.1624E+08  0.1922E+07  0.6914E+05  0.0000E+00  0.0000E+00
       5       49       48       31        0        0                         0.3981E+10  0.3091E+09  0.9090E+08  0.1977E+08  0.2121E+07  0.9507E+05  0.0000E+00  0.0000E+00
       2       50        9       49        9        0                         0.3974E+10  0.1149E+07  0.9040E+08  0.1961E+08  0.2114E+07  0.1832E+06  0.0000E+00  0.0000E+00
       5       51       17       47        0        0                         0.3512E+10  0.1219E+09  0.5717E+08  0.1707E+08  0.5629E+06  0.1251E+06  0.0000E+00  0.0000E+00
       5       52       51       33        0        0                         0.3664E+10  0.2359E+09  0.6854E+08  0.1961E+08  0.6083E+06  0.1262E+06  0.0000E+00  0.0000E+00
       2       53       17       52       17        0                         0.3629E+10  0.9124E+06  0.6637E+08  0.1860E+08  0.5474E+06  0.3548E+06  0.0000E+00  0.0000E+00
       5       54       10       41        0        0                         0.2785E+10  0.7188E+07  0.3526E+08  0.7513E+07  0.1011E+07  0.3473E+05  0.0000E+00  0.0000E+00
       5       55       54       50        0        0                         0.6760E+10  0.8337E+07  0.1257E+09  0.2712E+08  0.3125E+07  0.2179E+06  0.0000E+00  0.0000E+00
       2       56       10       55       10        0                         0.6755E+10  0.2103E+07  0.1254E+09  0.2702E+08  0.3120E+07  0.2939E+06  0.0000E+00  0.0000E+00
       5       57       19       53        0        0                         0.3770E+10  0.8312E+08  0.7087E+08  0.1978E+08  0.5857E+06  0.3551E+06  0.0000E+00  0.0000E+00
       5       58       57       35        0        0                         0.4018E+10  0.2902E+09  0.8802E+08  0.2393E+08  0.7568E+06  0.3569E+06  0.0000E+00  0.0000E+00
       2       59       19       58       19        0                         0.4003E+10  0.1137E+07  0.8709E+08  0.2353E+08  0.7437E+06  0.6683E+06  0.0000E+00  0.0000E+00
       5       60       18       56        0        0                         0.8515E+10  0.1301E+09  0.1566E+09  0.3352E+08  0.4135E+07  0.3199E+06  0.0000E+00  0.0000E+00
       5       61       60       30        0        0                         0.9087E+10  0.2253E+09  0.1656E+09  0.3548E+08  0.4566E+07  0.3467E+06  0.0000E+00  0.0000E+00
       2       62       18       61       18        0                         0.9036E+10  0.2936E+07  0.1619E+09  0.3422E+08  0.4473E+07  0.9568E+06  0.0000E+00  0.0000E+00
       5       63       20       59        0        0                         0.5009E+10  0.1320E+09  0.1371E+09  0.3411E+08  0.1552E+07  0.6725E+06  0.0000E+00  0.0000E+00
       5       64       63       34        0        0                         0.5189E+10  0.2937E+09  0.1486E+09  0.3664E+08  0.1696E+07  0.6735E+06  0.0000E+00  0.0000E+00
       2       65       20       64       20        0                         0.5108E+10  0.1590E+07  0.1435E+09  0.3464E+08  0.1518E+07  0.1810E+07  0.0000E+00  0.0000E+00
       5       66       22       62        0        0                         0.1050E+11  0.4920E+08  0.1978E+09  0.4207E+08  0.5734E+07  0.9659E+06  0.0000E+00  0.0000E+00
       5       67       66       65        0        0                         0.1561E+11  0.5079E+08  0.3414E+09  0.7671E+08  0.7253E+07  0.2776E+07  0.0000E+00  0.0000E+00
       2       68       22       67       22        0                         0.1552E+11  0.4476E+07  0.3342E+09  0.7424E+08  0.7130E+07  0.4710E+07  0.0000E+00  0.0000E+00
      14       68        1        0        0        0                         0.1552E+11  0.4476E+07  0.3342E+09  0.7424E+08  0.7130E+07  0.4710E+07  0.0000E+00  0.0000E+00
